<?xml version="1.0" encoding="UTF-8"?>
<!-- Generated by org.testng.reporters.JUnitXMLReporter -->
<testsuite ignored="0" hostname="ManikHP" failures="3" tests="3" name="CP Test" time="0.682" errors="0" timestamp="2023-11-20T08:04:58 IST">
  <testcase classname="io.cucumber.testng.AbstractTestNGCucumberTests" name="runScenario" time="0.103">
    <failure type="java.lang.NullPointerException" message="Cannot invoke &amp;quot;org.openqa.selenium.WebDriver.get(String)&amp;quot; because &amp;quot;this.driver&amp;quot; is null">
      <![CDATA[java.lang.NullPointerException: Cannot invoke "org.openqa.selenium.WebDriver.get(String)" because "this.driver" is null
at com.dp1.stepdefinitions.DP1HomePageStepDefinitions.user_goes_to_page(DP1HomePageStepDefinitions.java:20)
at ✽.user goes to Dp1 home page(file:///C:/Users/hp/eclipse-workspace/veeva-automation-framework-Multi-Module/Derived_Product_1/src/test/java/com/dp1/feature/DP1Test.feature:9)
]]>
    </failure>
  </testcase> <!-- runScenario -->
  <testcase classname="io.cucumber.testng.AbstractTestNGCucumberTests" name="runScenario" time="0.103">
    <failure type="java.lang.NullPointerException" message="Cannot invoke &amp;quot;org.openqa.selenium.WebDriver.get(String)&amp;quot; because &amp;quot;this.driver&amp;quot; is null">
      <![CDATA[java.lang.NullPointerException: Cannot invoke "org.openqa.selenium.WebDriver.get(String)" because "this.driver" is null
at com.dp1.stepdefinitions.DP1HomePageStepDefinitions.user_goes_to_page(DP1HomePageStepDefinitions.java:20)
at ✽.user goes to Dp1 home page(file:///C:/Users/hp/eclipse-workspace/veeva-automation-framework-Multi-Module/Derived_Product_1/src/test/java/com/dp1/feature/DP1Test.feature:9)
]]>
    </failure>
  </testcase> <!-- runScenario -->
  <testcase classname="io.cucumber.testng.AbstractTestNGCucumberTests" name="runScenario" time="0.103">
    <failure type="java.lang.NullPointerException" message="Cannot invoke &amp;quot;org.openqa.selenium.WebDriver.get(String)&amp;quot; because &amp;quot;this.driver&amp;quot; is null">
      <![CDATA[java.lang.NullPointerException: Cannot invoke "org.openqa.selenium.WebDriver.get(String)" because "this.driver" is null
at com.dp1.stepdefinitions.DP1HomePageStepDefinitions.user_goes_to_page(DP1HomePageStepDefinitions.java:20)
at ✽.user goes to Dp1 home page(file:///C:/Users/hp/eclipse-workspace/veeva-automation-framework-Multi-Module/Derived_Product_1/src/test/java/com/dp1/feature/DP1Test.feature:9)
]]>
    </failure>
  </testcase> <!-- runScenario -->
</testsuite> <!-- CP Test -->
