<?xml version="1.0" encoding="UTF-8"?>
<!-- Generated by org.testng.reporters.JUnitReportReporter -->
<testsuite hostname="ManikHP" failures="3" tests="3" name="com.core.testRunner.TestRunner" time="45.989" errors="0" timestamp="2023-11-20T16:13:04 IST" skipped="0">
  <testcase classname="com.core.testRunner.TestRunner" name="runScenario" time="15.073">
    <failure message="expected [Sixers Take Down Hawks in Tournament Play] but found [Sixers Defeat Nets on the Road]" type="java.lang.AssertionError">
      <![CDATA[java.lang.AssertionError: expected [Sixers Take Down Hawks in Tournament Play] but found [Sixers Defeat Nets on the Road]
at org.testng.Assert.fail(Assert.java:111)
at org.testng.Assert.failNotEquals(Assert.java:1578)
at org.testng.Assert.assertEqualsImpl(Assert.java:150)
at org.testng.Assert.assertEquals(Assert.java:132)
at org.testng.Assert.assertEquals(Assert.java:656)
at org.testng.Assert.assertEquals(Assert.java:666)
at com.dp1.pageobjects.DP1HomePage.validateSlideTitleAndDuration(DP1HomePage.java:24)
at com.dp1.stepdefinitions.DP1HomePageStepDefinitions.slides_containing_title_are_displayed_for_duration(DP1HomePageStepDefinitions.java:33)
at ✽.Slides containing title "Sixers Take Down Hawks in Tournament Play" are displayed for duration "0"(file:///C:/Users/hp/eclipse-workspace/veeva-automation-framework-Multi-Module/Derived_Product_1/src/test/java/com/dp1/feature/DP1Test.feature:9)
]]>
    </failure>
  </testcase> <!-- runScenario -->
  <testcase classname="com.core.testRunner.TestRunner" name="runScenario" time="15.374">
    <failure message="expected [Sixers Defeat Nets on the Road] but found [Sixers Take Down Hawks in Tournament Play]" type="java.lang.AssertionError">
      <![CDATA[java.lang.AssertionError: expected [Sixers Defeat Nets on the Road] but found [Sixers Take Down Hawks in Tournament Play]
at org.testng.Assert.fail(Assert.java:111)
at org.testng.Assert.failNotEquals(Assert.java:1578)
at org.testng.Assert.assertEqualsImpl(Assert.java:150)
at org.testng.Assert.assertEquals(Assert.java:132)
at org.testng.Assert.assertEquals(Assert.java:656)
at org.testng.Assert.assertEquals(Assert.java:666)
at com.dp1.pageobjects.DP1HomePage.validateSlideTitleAndDuration(DP1HomePage.java:24)
at com.dp1.stepdefinitions.DP1HomePageStepDefinitions.slides_containing_title_are_displayed_for_duration(DP1HomePageStepDefinitions.java:33)
at ✽.Slides containing title "Sixers Defeat Nets on the Road" are displayed for duration "0"(file:///C:/Users/hp/eclipse-workspace/veeva-automation-framework-Multi-Module/Derived_Product_1/src/test/java/com/dp1/feature/DP1Test.feature:9)
]]>
    </failure>
  </testcase> <!-- runScenario -->
  <testcase classname="com.core.testRunner.TestRunner" name="runScenario" time="15.542">
    <failure message="expected [Embiid Named Player of the Week] but found [Sixers Defeat Nets on the Road]" type="java.lang.AssertionError">
      <![CDATA[java.lang.AssertionError: expected [Embiid Named Player of the Week] but found [Sixers Defeat Nets on the Road]
at org.testng.Assert.fail(Assert.java:111)
at org.testng.Assert.failNotEquals(Assert.java:1578)
at org.testng.Assert.assertEqualsImpl(Assert.java:150)
at org.testng.Assert.assertEquals(Assert.java:132)
at org.testng.Assert.assertEquals(Assert.java:656)
at org.testng.Assert.assertEquals(Assert.java:666)
at com.dp1.pageobjects.DP1HomePage.validateSlideTitleAndDuration(DP1HomePage.java:24)
at com.dp1.stepdefinitions.DP1HomePageStepDefinitions.slides_containing_title_are_displayed_for_duration(DP1HomePageStepDefinitions.java:33)
at ✽.Slides containing title "Embiid Named Player of the Week" are displayed for duration "0"(file:///C:/Users/hp/eclipse-workspace/veeva-automation-framework-Multi-Module/Derived_Product_1/src/test/java/com/dp1/feature/DP1Test.feature:9)
]]>
    </failure>
  </testcase> <!-- runScenario -->
</testsuite> <!-- com.core.testRunner.TestRunner -->
