<html>
<head>
<title>TestNG:  DP1 Test</title>
<link href="../testng.css" rel="stylesheet" type="text/css" />
<link href="../my-testng.css" rel="stylesheet" type="text/css" />

<style type="text/css">
.log { display: none;} 
.stack-trace { display: none;} 
</style>
<script type="text/javascript">
<!--
function flip(e) {
  current = e.style.display;
  if (current == 'block') {
    e.style.display = 'none';
    return 0;
  }
  else {
    e.style.display = 'block';
    return 1;
  }
}

function toggleBox(szDivId, elem, msg1, msg2)
{
  var res = -1;  if (document.getElementById) {
    res = flip(document.getElementById(szDivId));
  }
  else if (document.all) {
    // this is the way old msie versions work
    res = flip(document.all[szDivId]);
  }
  if(elem) {
    if(res == 0) elem.innerHTML = msg1; else elem.innerHTML = msg2;
  }

}

function toggleAllBoxes() {
  if (document.getElementsByTagName) {
    d = document.getElementsByTagName('div');
    for (i = 0; i < d.length; i++) {
      if (d[i].className == 'log') {
        flip(d[i]);
      }
    }
  }
}

// -->
</script>

</head>
<body>
<h2 align='center'>DP1 Test</h2><table border='1' align="center">
<tr>
<td>Tests passed/Failed/Skipped:</td><td>0/3/0</td>
</tr><tr>
<td>Started on:</td><td>Tue Nov 21 01:18:27 IST 2023</td>
</tr>
<tr><td>Total time:</td><td>72 seconds (72881 ms)</td>
</tr><tr>
<td>Included groups:</td><td></td>
</tr><tr>
<td>Excluded groups:</td><td></td>
</tr>
</table><p/>
<small><i>(Hover the method name to see the test class name)</i></small><p/>
<table width='100%' border='1' class='invocation-failed'>
<tr><td colspan='4' align='center'><b>FAILED TESTS</b></td></tr>
<tr><td><b>Test method</b></td>
<td><b>Attribute(s)</b></td>
<td width="30%"><b>Exception</b></td>
<td width="10%"><b>Time (seconds)</b></td>
<td><b>Instance</b></td>
</tr>
<tr>
<td title='com.core.testRunner.TestRunner.runScenario()'><b>runScenario</b><br>Test class: com.core.testRunner.TestRunner<br>Test method: Runs Cucumber Scenarios<br>Parameters: "Validate  Number of Slides displayed and title", "CP1 Home Page Test Cases"</td>
<td><div><pre>org.openqa.selenium.TimeoutException: Expected condition failed: waiting for com.dp1.pageobjects.DP1HomePage$1@547334fe (tried for 60 second(s) with 0 milliseconds interval)
Build info: version: &apos;4.15.0&apos;, revision: &apos;1d14b5521b&apos;
System info: os.name: &apos;Windows 11&apos;, os.arch: &apos;amd64&apos;, os.version: &apos;10.0&apos;, java.version: &apos;17.0.5&apos;
Driver info: driver.version: unknown
	at org.openqa.selenium.support.ui.FluentWait.timeoutException(FluentWait.java:261)
	at org.openqa.selenium.support.ui.FluentWait.until(FluentWait.java:229)
	at com.dp1.pageobjects.DP1HomePage.waitForHrefValueToBe(DP1HomePage.java:56)
	at com.dp1.pageobjects.DP1HomePage.validateSlideTitleAndDuration(DP1HomePage.java:47)
	at com.dp1.stepdefinitions.DP1HomePageStepDefinitions.slides_containing_title_is_displayed_with_for_duration(DP1HomePageStepDefinitions.java:33)
	at ?.Slides containing title &quot;Sixers Take Down Hawks in Tournament Play&quot; is displayed with &quot;/sixers/videos/philadelphia-76ers-vs-atlanta-hawks-highlights-nov-17-2023&quot;  for duration &quot;10&quot;(file:///C:/Users/hp/eclipse-workspace/veeva-automation-framework-Multi-Module/Derived_Product_1/src/test/java/com/dp1/feature/DP1Test.feature:9)
</pre></div><a href='#' onClick='toggleBox("stack-trace1307530699", this, "Click to show all stack frames", "Click to hide stack frames")'>Click to show all stack frames</a>
<div class='stack-trace' id='stack-trace1307530699'><pre>org.openqa.selenium.TimeoutException: Expected condition failed: waiting for com.dp1.pageobjects.DP1HomePage$1@547334fe (tried for 60 second(s) with 0 milliseconds interval)
Build info: version: &apos;4.15.0&apos;, revision: &apos;1d14b5521b&apos;
System info: os.name: &apos;Windows 11&apos;, os.arch: &apos;amd64&apos;, os.version: &apos;10.0&apos;, java.version: &apos;17.0.5&apos;
Driver info: driver.version: unknown
	at org.openqa.selenium.support.ui.FluentWait.timeoutException(FluentWait.java:261)
	at org.openqa.selenium.support.ui.FluentWait.until(FluentWait.java:229)
	at com.dp1.pageobjects.DP1HomePage.waitForHrefValueToBe(DP1HomePage.java:56)
	at com.dp1.pageobjects.DP1HomePage.validateSlideTitleAndDuration(DP1HomePage.java:47)
	at com.dp1.stepdefinitions.DP1HomePageStepDefinitions.slides_containing_title_is_displayed_with_for_duration(DP1HomePageStepDefinitions.java:33)
	at ?.Slides containing title &quot;Sixers Take Down Hawks in Tournament Play&quot; is displayed with &quot;/sixers/videos/philadelphia-76ers-vs-atlanta-hawks-highlights-nov-17-2023&quot;  for duration &quot;10&quot;(file:///C:/Users/hp/eclipse-workspace/veeva-automation-framework-Multi-Module/Derived_Product_1/src/test/java/com/dp1/feature/DP1Test.feature:9)
</pre></div></td>
<td>69</td>
<td>com.core.testRunner.TestRunner@4550bb58</td></tr>
<tr>
<td title='com.core.testRunner.TestRunner.runScenario()'><b>runScenario</b><br>Test class: com.core.testRunner.TestRunner<br>Test method: Runs Cucumber Scenarios<br>Parameters: "Validate  Number of Slides displayed and title", "CP1 Home Page Test Cases"</td>
<td><div><pre>org.openqa.selenium.TimeoutException: Expected condition failed: waiting for com.dp1.pageobjects.DP1HomePage$1@6c28a23e (tried for 60 second(s) with 0 milliseconds interval)
Build info: version: &apos;4.15.0&apos;, revision: &apos;1d14b5521b&apos;
System info: os.name: &apos;Windows 11&apos;, os.arch: &apos;amd64&apos;, os.version: &apos;10.0&apos;, java.version: &apos;17.0.5&apos;
Driver info: driver.version: unknown
	at org.openqa.selenium.support.ui.FluentWait.timeoutException(FluentWait.java:261)
	at org.openqa.selenium.support.ui.FluentWait.until(FluentWait.java:229)
	at com.dp1.pageobjects.DP1HomePage.waitForHrefValueToBe(DP1HomePage.java:56)
	at com.dp1.pageobjects.DP1HomePage.validateSlideTitleAndDuration(DP1HomePage.java:47)
	at com.dp1.stepdefinitions.DP1HomePageStepDefinitions.slides_containing_title_is_displayed_with_for_duration(DP1HomePageStepDefinitions.java:33)
	at ?.Slides containing title &quot;Sixers Defeat Nets on the Road&quot; is displayed with &quot;/sixers/videos/philadelphia-76ers-vs-brooklyn-nets-nov-19-2023&quot;  for duration &quot;10&quot;(file:///C:/Users/hp/eclipse-workspace/veeva-automation-framework-Multi-Module/Derived_Product_1/src/test/java/com/dp1/feature/DP1Test.feature:9)
</pre></div><a href='#' onClick='toggleBox("stack-trace1938005895", this, "Click to show all stack frames", "Click to hide stack frames")'>Click to show all stack frames</a>
<div class='stack-trace' id='stack-trace1938005895'><pre>org.openqa.selenium.TimeoutException: Expected condition failed: waiting for com.dp1.pageobjects.DP1HomePage$1@6c28a23e (tried for 60 second(s) with 0 milliseconds interval)
Build info: version: &apos;4.15.0&apos;, revision: &apos;1d14b5521b&apos;
System info: os.name: &apos;Windows 11&apos;, os.arch: &apos;amd64&apos;, os.version: &apos;10.0&apos;, java.version: &apos;17.0.5&apos;
Driver info: driver.version: unknown
	at org.openqa.selenium.support.ui.FluentWait.timeoutException(FluentWait.java:261)
	at org.openqa.selenium.support.ui.FluentWait.until(FluentWait.java:229)
	at com.dp1.pageobjects.DP1HomePage.waitForHrefValueToBe(DP1HomePage.java:56)
	at com.dp1.pageobjects.DP1HomePage.validateSlideTitleAndDuration(DP1HomePage.java:47)
	at com.dp1.stepdefinitions.DP1HomePageStepDefinitions.slides_containing_title_is_displayed_with_for_duration(DP1HomePageStepDefinitions.java:33)
	at ?.Slides containing title &quot;Sixers Defeat Nets on the Road&quot; is displayed with &quot;/sixers/videos/philadelphia-76ers-vs-brooklyn-nets-nov-19-2023&quot;  for duration &quot;10&quot;(file:///C:/Users/hp/eclipse-workspace/veeva-automation-framework-Multi-Module/Derived_Product_1/src/test/java/com/dp1/feature/DP1Test.feature:9)
</pre></div></td>
<td>69</td>
<td>com.core.testRunner.TestRunner@4550bb58</td></tr>
<tr>
<td title='com.core.testRunner.TestRunner.runScenario()'><b>runScenario</b><br>Test class: com.core.testRunner.TestRunner<br>Test method: Runs Cucumber Scenarios<br>Parameters: "Validate  Number of Slides displayed and title", "CP1 Home Page Test Cases"</td>
<td><div><pre>org.openqa.selenium.TimeoutException: Expected condition failed: waiting for com.dp1.pageobjects.DP1HomePage$1@3edaf4a2 (tried for 60 second(s) with 0 milliseconds interval)
Build info: version: &apos;4.15.0&apos;, revision: &apos;1d14b5521b&apos;
System info: os.name: &apos;Windows 11&apos;, os.arch: &apos;amd64&apos;, os.version: &apos;10.0&apos;, java.version: &apos;17.0.5&apos;
Driver info: driver.version: unknown
	at org.openqa.selenium.support.ui.FluentWait.timeoutException(FluentWait.java:261)
	at org.openqa.selenium.support.ui.FluentWait.until(FluentWait.java:229)
	at com.dp1.pageobjects.DP1HomePage.waitForHrefValueToBe(DP1HomePage.java:56)
	at com.dp1.pageobjects.DP1HomePage.validateSlideTitleAndDuration(DP1HomePage.java:47)
	at com.dp1.stepdefinitions.DP1HomePageStepDefinitions.slides_containing_title_is_displayed_with_for_duration(DP1HomePageStepDefinitions.java:33)
	at ?.Slides containing title &quot;Embiid Named Player of the Week&quot; is displayed with &quot;/sixers/news/joel-embiid-named-eastern-conference-player-of-the-week&quot;  for duration &quot;10&quot;(file:///C:/Users/hp/eclipse-workspace/veeva-automation-framework-Multi-Module/Derived_Product_1/src/test/java/com/dp1/feature/DP1Test.feature:9)
</pre></div><a href='#' onClick='toggleBox("stack-trace318012448", this, "Click to show all stack frames", "Click to hide stack frames")'>Click to show all stack frames</a>
<div class='stack-trace' id='stack-trace318012448'><pre>org.openqa.selenium.TimeoutException: Expected condition failed: waiting for com.dp1.pageobjects.DP1HomePage$1@3edaf4a2 (tried for 60 second(s) with 0 milliseconds interval)
Build info: version: &apos;4.15.0&apos;, revision: &apos;1d14b5521b&apos;
System info: os.name: &apos;Windows 11&apos;, os.arch: &apos;amd64&apos;, os.version: &apos;10.0&apos;, java.version: &apos;17.0.5&apos;
Driver info: driver.version: unknown
	at org.openqa.selenium.support.ui.FluentWait.timeoutException(FluentWait.java:261)
	at org.openqa.selenium.support.ui.FluentWait.until(FluentWait.java:229)
	at com.dp1.pageobjects.DP1HomePage.waitForHrefValueToBe(DP1HomePage.java:56)
	at com.dp1.pageobjects.DP1HomePage.validateSlideTitleAndDuration(DP1HomePage.java:47)
	at com.dp1.stepdefinitions.DP1HomePageStepDefinitions.slides_containing_title_is_displayed_with_for_duration(DP1HomePageStepDefinitions.java:33)
	at ?.Slides containing title &quot;Embiid Named Player of the Week&quot; is displayed with &quot;/sixers/news/joel-embiid-named-eastern-conference-player-of-the-week&quot;  for duration &quot;10&quot;(file:///C:/Users/hp/eclipse-workspace/veeva-automation-framework-Multi-Module/Derived_Product_1/src/test/java/com/dp1/feature/DP1Test.feature:9)
</pre></div></td>
<td>72</td>
<td>com.core.testRunner.TestRunner@4550bb58</td></tr>
</table><p>
</body>
</html>