<?xml version="1.0" encoding="UTF-8"?>
<!-- Generated by org.testng.reporters.JUnitXMLReporter -->
<testsuite ignored="0" hostname="ManikHP" failures="3" tests="3" name="DP1 Test" time="16.23" errors="0" timestamp="2023-11-20T16:13:03 IST">
  <testcase classname="io.cucumber.testng.AbstractTestNGCucumberTests" name="runScenario" time="15.073">
    <failure type="java.lang.AssertionError" message="expected [Sixers Take Down Hawks in Tournament Play] but found [Sixers Defeat Nets on the Road]">
      <![CDATA[java.lang.AssertionError: expected [Sixers Take Down Hawks in Tournament Play] but found [Sixers Defeat Nets on the Road]
at com.dp1.pageobjects.DP1HomePage.validateSlideTitleAndDuration(DP1HomePage.java:24)
at com.dp1.stepdefinitions.DP1HomePageStepDefinitions.slides_containing_title_are_displayed_for_duration(DP1HomePageStepDefinitions.java:33)
at ✽.Slides containing title "Sixers Take Down Hawks in Tournament Play" are displayed for duration "0"(file:///C:/Users/hp/eclipse-workspace/veeva-automation-framework-Multi-Module/Derived_Product_1/src/test/java/com/dp1/feature/DP1Test.feature:9)
... Removed 6 stack frames]]>
    </failure>
  </testcase> <!-- runScenario -->
  <testcase classname="io.cucumber.testng.AbstractTestNGCucumberTests" name="runScenario" time="15.374">
    <failure type="java.lang.AssertionError" message="expected [Sixers Defeat Nets on the Road] but found [Sixers Take Down Hawks in Tournament Play]">
      <![CDATA[java.lang.AssertionError: expected [Sixers Defeat Nets on the Road] but found [Sixers Take Down Hawks in Tournament Play]
at com.dp1.pageobjects.DP1HomePage.validateSlideTitleAndDuration(DP1HomePage.java:24)
at com.dp1.stepdefinitions.DP1HomePageStepDefinitions.slides_containing_title_are_displayed_for_duration(DP1HomePageStepDefinitions.java:33)
at ✽.Slides containing title "Sixers Defeat Nets on the Road" are displayed for duration "0"(file:///C:/Users/hp/eclipse-workspace/veeva-automation-framework-Multi-Module/Derived_Product_1/src/test/java/com/dp1/feature/DP1Test.feature:9)
... Removed 6 stack frames]]>
    </failure>
  </testcase> <!-- runScenario -->
  <testcase classname="io.cucumber.testng.AbstractTestNGCucumberTests" name="runScenario" time="15.542">
    <failure type="java.lang.AssertionError" message="expected [Embiid Named Player of the Week] but found [Sixers Defeat Nets on the Road]">
      <![CDATA[java.lang.AssertionError: expected [Embiid Named Player of the Week] but found [Sixers Defeat Nets on the Road]
at com.dp1.pageobjects.DP1HomePage.validateSlideTitleAndDuration(DP1HomePage.java:24)
at com.dp1.stepdefinitions.DP1HomePageStepDefinitions.slides_containing_title_are_displayed_for_duration(DP1HomePageStepDefinitions.java:33)
at ✽.Slides containing title "Embiid Named Player of the Week" are displayed for duration "0"(file:///C:/Users/hp/eclipse-workspace/veeva-automation-framework-Multi-Module/Derived_Product_1/src/test/java/com/dp1/feature/DP1Test.feature:9)
... Removed 6 stack frames]]>
    </failure>
  </testcase> <!-- runScenario -->
</testsuite> <!-- DP1 Test -->
