<!DOCTYPE html PUBLIC "-//W3C//DTD XHTML 1.1//EN" "https://www.w3.org/TR/xhtml11/DTD/xhtml11.dtd">
<html xmlns="https://www.w3.org/1999/xhtml">
<head>
<meta http-equiv="content-type" content="text/html; charset=UTF-8"/>
<title>TestNG Report</title>
<style type="text/css">table {margin-bottom:10px;border-collapse:collapse;empty-cells:show}th,td {border:1px solid #009;padding:.25em .5em}th {vertical-align:bottom}td {vertical-align:top}table a {font-weight:bold}.stripe td {background-color: #E6EBF9}.num {text-align:right}.passedodd td {background-color: #3F3}.passedeven td {background-color: #0A0}.skippedodd td {background-color: #DDD}.skippedeven td {background-color: #CCC}.failedodd td,.attn {background-color: #F33}.failedeven td,.stripe .attn {background-color: #D00}.stacktrace {white-space:pre;font-family:monospace}.totop {font-size:85%;text-align:center;border-bottom:2px solid #000}.invisible {display:none}</style>
</head>
<body>
<table>
<tr><th>Test</th><th># Passed</th><th># Skipped</th><th># Retried</th><th># Failed</th><th>Time (ms)</th><th>Included Groups</th><th>Excluded Groups</th></tr>
<tr><th colspan="8">DP1TestSuite</th></tr>
<tr><td><a href="#t0">DP1 Test</a></td><td class="num">0</td><td class="num">0</td><td class="num">0</td><td class="num attn">3</td><td class="num">16,230</td><td></td><td></td></tr>
</table>
<table id='summary'><thead><tr><th>Class</th><th>Method</th><th>Start</th><th>Time (ms)</th></tr></thead><tbody><tr><th colspan="4">DP1TestSuite</th></tr></tbody><tbody id="t0"><tr><th colspan="4">DP1 Test &#8212; failed</th></tr><tr class="failedeven"><td rowspan="3">com.core.testRunner.TestRunner</td><td><a href="#m0">runScenario</a></td><td rowspan="3">1700476968022</td><td rowspan="3">15073</td></tr><tr class="failedeven"><td><a href="#m1">runScenario</a></td></tr><tr class="failedeven"><td><a href="#m2">runScenario</a></td></tr></tbody>
</table>
<h2>DP1 Test</h2><h3 id="m0">com.core.testRunner.TestRunner#runScenario</h3><table class="result"><tr class="param"><th>Parameter #1</th><th>Parameter #2</th></tr><tr class="param stripe"><td>&quot;Validate  Number of Slides displayed and title&quot;</td><td>&quot;CP1 Home Page Test Cases&quot;</td></tr><tr><th colspan="2">Exception</th></tr><tr><td colspan="2"><div class="stacktrace">java.lang.AssertionError: expected [Sixers Take Down Hawks in Tournament Play] but found [Sixers Defeat Nets on the Road]
	at com.dp1.pageobjects.DP1HomePage.validateSlideTitleAndDuration(DP1HomePage.java:24)
	at com.dp1.stepdefinitions.DP1HomePageStepDefinitions.slides_containing_title_are_displayed_for_duration(DP1HomePageStepDefinitions.java:33)
	at ✽.Slides containing title &quot;Sixers Take Down Hawks in Tournament Play&quot; are displayed for duration &quot;0&quot;(file:///C:/Users/hp/eclipse-workspace/veeva-automation-framework-Multi-Module/Derived_Product_1/src/test/java/com/dp1/feature/DP1Test.feature:9)
... Removed 6 stack frames</div></td></tr></table><p class="totop"><a href="#summary">back to summary</a></p>
<h3 id="m1">com.core.testRunner.TestRunner#runScenario</h3><table class="result"><tr class="param"><th>Parameter #1</th><th>Parameter #2</th></tr><tr class="param stripe"><td>&quot;Validate  Number of Slides displayed and title&quot;</td><td>&quot;CP1 Home Page Test Cases&quot;</td></tr><tr><th colspan="2">Exception</th></tr><tr><td colspan="2"><div class="stacktrace">java.lang.AssertionError: expected [Sixers Defeat Nets on the Road] but found [Sixers Take Down Hawks in Tournament Play]
	at com.dp1.pageobjects.DP1HomePage.validateSlideTitleAndDuration(DP1HomePage.java:24)
	at com.dp1.stepdefinitions.DP1HomePageStepDefinitions.slides_containing_title_are_displayed_for_duration(DP1HomePageStepDefinitions.java:33)
	at ✽.Slides containing title &quot;Sixers Defeat Nets on the Road&quot; are displayed for duration &quot;0&quot;(file:///C:/Users/hp/eclipse-workspace/veeva-automation-framework-Multi-Module/Derived_Product_1/src/test/java/com/dp1/feature/DP1Test.feature:9)
... Removed 6 stack frames</div></td></tr></table><p class="totop"><a href="#summary">back to summary</a></p>
<h3 id="m2">com.core.testRunner.TestRunner#runScenario</h3><table class="result"><tr class="param"><th>Parameter #1</th><th>Parameter #2</th></tr><tr class="param stripe"><td>&quot;Validate  Number of Slides displayed and title&quot;</td><td>&quot;CP1 Home Page Test Cases&quot;</td></tr><tr><th colspan="2">Exception</th></tr><tr><td colspan="2"><div class="stacktrace">java.lang.AssertionError: expected [Embiid Named Player of the Week] but found [Sixers Defeat Nets on the Road]
	at com.dp1.pageobjects.DP1HomePage.validateSlideTitleAndDuration(DP1HomePage.java:24)
	at com.dp1.stepdefinitions.DP1HomePageStepDefinitions.slides_containing_title_are_displayed_for_duration(DP1HomePageStepDefinitions.java:33)
	at ✽.Slides containing title &quot;Embiid Named Player of the Week&quot; are displayed for duration &quot;0&quot;(file:///C:/Users/hp/eclipse-workspace/veeva-automation-framework-Multi-Module/Derived_Product_1/src/test/java/com/dp1/feature/DP1Test.feature:9)
... Removed 6 stack frames</div></td></tr></table><p class="totop"><a href="#summary">back to summary</a></p>
</body>
</html>
